<?xml version="1.0" encoding="UTF-8"?>
<testng-results ignored="0" total="2" passed="2" failed="0" skipped="0">
  <reporter-output>
  </reporter-output>
  <suite started-at="2021-09-29T09:23:04 IST" name="Default suite" finished-at="2021-09-29T09:23:57 IST" duration-ms="52723">
    <groups>
    </groups>
    <test started-at="2021-09-29T09:23:04 IST" name="Default test" finished-at="2021-09-29T09:23:57 IST" duration-ms="52723">
      <class name="MyTestDemo">
        <test-method is-config="true" signature="setup()[pri:0, instance:MyTestDemo@306f16f3]" started-at="2021-09-29T09:23:04 IST" name="setup" finished-at="2021-09-29T09:23:06 IST" duration-ms="1507" status="PASS">
          <reporter-output>
          </reporter-output>
        </test-method> <!-- setup -->
        <test-method signature="navigationTest()[pri:0, instance:MyTestDemo@306f16f3]" started-at="2021-09-29T09:23:06 IST" name="navigationTest" finished-at="2021-09-29T09:23:22 IST" duration-ms="16137" status="PASS">
          <reporter-output>
          </reporter-output>
        </test-method> <!-- navigationTest -->
        <test-method is-config="true" signature="tearDown()[pri:0, instance:MyTestDemo@306f16f3]" started-at="2021-09-29T09:23:22 IST" name="tearDown" finished-at="2021-09-29T09:23:22 IST" duration-ms="226" status="PASS">
          <reporter-output>
          </reporter-output>
        </test-method> <!-- tearDown -->
        <test-method is-config="true" signature="setup()[pri:0, instance:MyTestDemo@306f16f3]" started-at="2021-09-29T09:23:22 IST" name="setup" finished-at="2021-09-29T09:23:23 IST" duration-ms="1192" status="PASS">
          <reporter-output>
          </reporter-output>
        </test-method> <!-- setup -->
        <test-method signature="navigation_FeatureTest()[pri:0, instance:MyTestDemo@306f16f3]" started-at="2021-09-29T09:23:23 IST" name="navigation_FeatureTest" finished-at="2021-09-29T09:23:56 IST" duration-ms="33159" status="PASS">
          <reporter-output>
          </reporter-output>
        </test-method> <!-- navigation_FeatureTest -->
        <test-method is-config="true" signature="tearDown()[pri:0, instance:MyTestDemo@306f16f3]" started-at="2021-09-29T09:23:56 IST" name="tearDown" finished-at="2021-09-29T09:23:57 IST" duration-ms="467" status="PASS">
          <reporter-output>
          </reporter-output>
        </test-method> <!-- tearDown -->
      </class> <!-- MyTestDemo -->
    </test> <!-- Default test -->
  </suite> <!-- Default suite -->
</testng-results>
